-------------------------------------------------------------------------------
Test set: fr.ufrsciencestech.compteur.model.MacedoineTest
-------------------------------------------------------------------------------
Tests run: 4, Failures: 1, Errors: 0, Skipped: 0, Time elapsed: 0.035 s <<< FAILURE! - in fr.ufrsciencestech.compteur.model.MacedoineTest
testEquals(fr.ufrsciencestech.compteur.model.MacedoineTest)  Time elapsed: 0.003 s  <<< FAILURE!
java.lang.AssertionError: expected:<fr.ufrsciencestech.compteur.model.Macedoine@91161c7> but was:<fr.ufrsciencestech.compteur.model.Macedoine@604ed9f0>
	at fr.ufrsciencestech.compteur.model.MacedoineTest.testEquals(MacedoineTest.java:71)

