<?xml version="1.0" encoding="UTF-8"?>
<testsuite xmlns:xsi="http://www.w3.org/2001/XMLSchema-instance" xsi:noNamespaceSchemaLocation="https://maven.apache.org/surefire/maven-surefire-plugin/xsd/surefire-test-report.xsd" name="fr.ufrsciencestech.compteur.model.MacedoineTest" time="0.035" tests="4" errors="0" skipped="0" failures="1">
  <properties>
[...]
</properties>
  <testcase name="testGetPrix" classname="fr.ufrsciencestech.compteur.model.MacedoineTest" time="0.004"/>
  <testcase name="testAjoute" classname="fr.ufrsciencestech.compteur.model.MacedoineTest" time="0"/>
  <testcase name="testEquals" classname="fr.ufrsciencestech.compteur.model.MacedoineTest" time="0.003">
    <failure message="expected:&lt;fr.ufrsciencestech.compteur.model.Macedoine@91161c7&gt; but was:&lt;fr.ufrsciencestech.compteur.model.Macedoine@604ed9f0&gt;" type="java.lang.AssertionError"><![CDATA[java.lang.AssertionError: expected:<fr.ufrsciencestech.compteur.model.Macedoine@91161c7> but was:<fr.ufrsciencestech.compteur.model.Macedoine@604ed9f0>
	at fr.ufrsciencestech.compteur.model.MacedoineTest.testEquals(MacedoineTest.java:71)
]]></failure>
    <system-out><![CDATA[Equals
]]></system-out>
  </testcase>
  <testcase name="testRemove" classname="fr.ufrsciencestech.compteur.model.MacedoineTest" time="0"/>
</testsuite>